2018-04-14 04:36:57.828 [main] DEBUG com.dn.o2o.dao.HeadLineDao.queryHeadLine - ==>  Preparing: SELECT line_id, line_name, line_link, line_img, priority, enable_status, create_time, last_edit_time FROM tb_head_line ORDER BY priority DESC 
2018-04-14 04:36:57.892 [main] DEBUG com.dn.o2o.dao.HeadLineDao.queryHeadLine - ==> Parameters: 
2018-04-14 04:36:57.916 [main] DEBUG com.dn.o2o.dao.HeadLineDao.queryHeadLine - <==      Total: 4
2018-04-14 04:37:46.651 [main] DEBUG com.dn.o2o.dao.HeadLineDao.queryHeadLine - ==>  Preparing: SELECT line_id, line_name, line_link, line_img, priority, enable_status, create_time, last_edit_time FROM tb_head_line ORDER BY priority DESC 
2018-04-14 04:37:46.724 [main] DEBUG com.dn.o2o.dao.HeadLineDao.queryHeadLine - ==> Parameters: 
2018-04-14 04:37:46.777 [main] DEBUG com.dn.o2o.dao.HeadLineDao.queryHeadLine - <==      Total: 4
2018-04-14 04:38:52.075 [main] DEBUG com.dn.o2o.dao.HeadLineDao.queryHeadLine - ==>  Preparing: SELECT line_id, line_name, line_link, line_img, priority, enable_status, create_time, last_edit_time FROM tb_head_line ORDER BY priority DESC 
2018-04-14 04:38:52.125 [main] DEBUG com.dn.o2o.dao.HeadLineDao.queryHeadLine - ==> Parameters: 
2018-04-14 04:38:52.147 [main] DEBUG com.dn.o2o.dao.HeadLineDao.queryHeadLine - <==      Total: 4
2018-04-14 04:40:01.143 [main] DEBUG com.dn.o2o.dao.HeadLineDao.queryHeadLine - ==>  Preparing: SELECT line_id, line_name, line_link, line_img, priority, enable_status, create_time, last_edit_time FROM tb_head_line ORDER BY priority DESC 
2018-04-14 04:40:01.194 [main] DEBUG com.dn.o2o.dao.HeadLineDao.queryHeadLine - ==> Parameters: 
2018-04-14 04:40:01.214 [main] DEBUG com.dn.o2o.dao.HeadLineDao.queryHeadLine - <==      Total: 4
2018-04-14 04:42:18.300 [main] DEBUG com.dn.o2o.dao.HeadLineDao.queryHeadLine - ==>  Preparing: SELECT line_id, line_name, line_link, line_img, priority, enable_status, create_time, last_edit_time FROM tb_head_line ORDER BY priority DESC 
2018-04-14 04:42:18.335 [main] DEBUG com.dn.o2o.dao.HeadLineDao.queryHeadLine - ==> Parameters: 
2018-04-14 04:42:18.356 [main] DEBUG com.dn.o2o.dao.HeadLineDao.queryHeadLine - <==      Total: 4
2018-04-14 13:50:28.805 [main] DEBUG com.dn.o2o.dao.ShopDao.updateShop - ==>  Preparing: UPDATE tb_shop SET shop_desc = ?, shop_addr = ?, last_edit_time = ? WHERE shop_id = ? 
2018-04-14 13:50:28.896 [main] DEBUG com.dn.o2o.dao.ShopDao.updateShop - ==> Parameters: 测试描述(String), 测试地址(String), 2018-04-14 13:50:27.509(Timestamp), 3(Long)
2018-04-14 13:50:28.995 [main] DEBUG com.dn.o2o.dao.ShopDao.updateShop - <==    Updates: 0
2018-04-14 13:50:29.059 [main] DEBUG com.dn.o2o.dao.ShopDao.insertShop - ==>  Preparing: INSERT INTO tb_shop(owner_id, area_id, shop_category_id, shop_name, shop_desc, shop_addr, phone, shop_img, priority, create_time, last_edit_time,enable_status, advice) VALUES (?, ?, ?, ?, ?, ?, ?, ?, ?, ?, ?, ?, ?) 
2018-04-14 13:50:29.083 [main] DEBUG com.dn.o2o.dao.ShopDao.insertShop - ==> Parameters: 1(Long), 2(Integer), 1(Long), 测试的店铺名(String), test(String), test(String), test(String), test(String), null, 2018-04-14 13:50:29.058(Timestamp), null, 1(Integer), 审核中(String)
2018-04-14 13:50:29.587 [main] DEBUG com.dn.o2o.dao.ShopDao.queryByShopId - ==>  Preparing: SELECT s.shop_id, s.shop_name, s.shop_desc, s.shop_addr, s.phone, s.shop_img, s.priority, s.create_time, s.last_edit_time, s.enable_status, s.advice, a.area_id, a.area_name, sc.shop_category_id, sc.shop_category_name FROM tb_shop s, tb_area a, tb_shop_category sc WHERE s.area_id=a.area_id AND s.shop_category_id=sc.shop_category_id AND s.shop_id=? 
2018-04-14 13:50:29.587 [main] DEBUG com.dn.o2o.dao.ShopDao.queryByShopId - ==> Parameters: 3(Long)
2018-04-14 13:50:29.654 [main] DEBUG com.dn.o2o.dao.ShopDao.queryByShopId - <==      Total: 0
2018-04-14 13:50:29.673 [main] DEBUG com.dn.o2o.dao.ShopDao.queryShopList - ==>  Preparing: SELECT s.shop_id, s.shop_name, s.shop_desc, s.shop_addr, s.phone, s.shop_img, s.priority, s.create_time, s.last_edit_time, s.enable_status, s.advice, a.area_id, a.area_name, sc.shop_category_id, sc.shop_category_name FROM tb_shop s, tb_area a, tb_shop_category sc WHERE s.shop_category_id in (select shop_category_id from tb_shop_category WHERE parent_id = ?) AND s.area_id = a.area_id AND s.shop_category_id = sc.shop_category_id ORDER BY s.priority DESC LIMIT ?,? 
2018-04-14 13:50:29.674 [main] DEBUG com.dn.o2o.dao.ShopDao.queryShopList - ==> Parameters: 12(Long), 0(Integer), 6(Integer)
2018-04-14 13:50:29.759 [main] DEBUG com.dn.o2o.dao.ShopDao.queryShopList - <==      Total: 6
2018-04-14 13:50:29.762 [main] DEBUG com.dn.o2o.dao.ShopDao.queryShopCount - ==>  Preparing: SELECT count(1) FROM tb_shop s, tb_area a, tb_shop_category sc WHERE s.shop_category_id in (select shop_category_id from tb_shop_category WHERE parent_id = ?) AND s.area_id = a.area_id AND s.shop_category_id = sc.shop_category_id 
2018-04-14 13:50:29.763 [main] DEBUG com.dn.o2o.dao.ShopDao.queryShopCount - ==> Parameters: 12(Long)
2018-04-14 13:50:29.765 [main] DEBUG com.dn.o2o.dao.ShopDao.queryShopCount - <==      Total: 1
2018-04-14 13:50:52.642 [main] DEBUG com.dn.o2o.dao.ShopDao.queryShopList - ==>  Preparing: SELECT s.shop_id, s.shop_name, s.shop_desc, s.shop_addr, s.phone, s.shop_img, s.priority, s.create_time, s.last_edit_time, s.enable_status, s.advice, a.area_id, a.area_name, sc.shop_category_id, sc.shop_category_name FROM tb_shop s, tb_area a, tb_shop_category sc WHERE s.shop_category_id in (select shop_category_id from tb_shop_category WHERE parent_id = ?) AND s.area_id = a.area_id AND s.shop_category_id = sc.shop_category_id ORDER BY s.priority DESC LIMIT ?,? 
2018-04-14 13:50:52.686 [main] DEBUG com.dn.o2o.dao.ShopDao.queryShopList - ==> Parameters: 12(Long), 0(Integer), 6(Integer)
2018-04-14 13:50:52.807 [main] DEBUG com.dn.o2o.dao.ShopDao.queryShopList - <==      Total: 6
2018-04-14 13:50:52.815 [main] DEBUG com.dn.o2o.dao.ShopDao.queryShopCount - ==>  Preparing: SELECT count(1) FROM tb_shop s, tb_area a, tb_shop_category sc WHERE s.shop_category_id in (select shop_category_id from tb_shop_category WHERE parent_id = ?) AND s.area_id = a.area_id AND s.shop_category_id = sc.shop_category_id 
2018-04-14 13:50:52.816 [main] DEBUG com.dn.o2o.dao.ShopDao.queryShopCount - ==> Parameters: 12(Long)
2018-04-14 13:50:52.820 [main] DEBUG com.dn.o2o.dao.ShopDao.queryShopCount - <==      Total: 1
